{
  "0 debug pnpm:scope": {
    "selected": 1
  },
  "1 error pnpm": {
    "message": {
      "errno": 1,
      "code": "ELIFECYCLE",
      "pkgid": "wk9_testapp@0.1.0",
      "stage": "start",
      "script": "react-scripts start",
      "pkgname": "wk9_testapp"
    },
    "err": {
      "name": "Error",
      "message": "wk9_testapp@0.1.0 start: `react-scripts start`\nExit status 1",
      "code": "ELIFECYCLE",
      "stack": "Error: wk9_testapp@0.1.0 start: `react-scripts start`\nExit status 1\n    at EventEmitter.<anonymous> (/Users/a9404253/.nvm/versions/node/v12.14.0/lib/node_modules/pnpm/lib/node_modules/@zkochan/npm-lifecycle/index.js:302:16)\n    at EventEmitter.emit (events.js:210:5)\n    at ChildProcess.<anonymous> (/Users/a9404253/.nvm/versions/node/v12.14.0/lib/node_modules/pnpm/lib/node_modules/@zkochan/npm-lifecycle/lib/spawn.js:55:14)\n    at ChildProcess.emit (events.js:210:5)\n    at maybeClose (internal/child_process.js:1021:16)\n    at Process.ChildProcess._handle.onexit (internal/child_process.js:283:5)"
    }
  }
}